[19:04:09] [INFO] - Application started.
[19:04:21] [INFO] - WebDriver initialized.
[19:04:25] [INFO] - WebDriver initialized.
[19:04:29] [INFO] - WebDriver initialized.
[19:04:29] [INFO] - Starting manufacturer scraping...
[19:04:29] [INFO] - Scraping manufacturer data...
[19:04:29] [INFO] - Data saved to C:\RemoteIntegrity\Scraping\competitor_scraper\data\raw\2025-04-10\manufacturer_data.txt
[19:04:29] [INFO] - Manufacturer scraping completed.
[19:04:29] [INFO] - Starting models scraping...
[19:04:29] [INFO] - Scraping models data...
[19:04:29] [INFO] - Data saved to C:\RemoteIntegrity\Scraping\competitor_scraper\data\raw\2025-04-10\models_data.txt
[19:04:29] [INFO] - Models scraping completed.
[19:04:29] [INFO] - Starting products scraping...
[19:04:29] [INFO] - Scraping products data...
[19:04:29] [INFO] - Data saved to C:\RemoteIntegrity\Scraping\competitor_scraper\data\raw\2025-04-10\products_data.txt
[19:04:29] [INFO] - Products scraping completed.
[19:04:31] [INFO] - WebDriver closed.
[19:04:34] [INFO] - WebDriver closed.
[19:04:36] [INFO] - WebDriver closed.
[19:04:36] [INFO] - Application finished.
[19:07:13] [INFO] - Application started.
[19:07:16] [INFO] - WebDriver initialized.
[19:07:20] [INFO] - WebDriver initialized.
[19:07:24] [INFO] - WebDriver initialized.
[19:07:24] [INFO] - Starting manufacturer scraping...
[19:07:24] [INFO] - Scraping manufacturer data...
[19:07:24] [INFO] - Data saved to C:\RemoteIntegrity\Scraping\competitor_scraper\data\raw\2025-04-10\manufacturer_data.txt
[19:07:24] [INFO] - Manufacturer scraping completed.
[19:07:24] [INFO] - Starting models scraping...
[19:07:24] [INFO] - Scraping models data...
[19:07:24] [INFO] - Data saved to C:\RemoteIntegrity\Scraping\competitor_scraper\data\raw\2025-04-10\models_data.txt
[19:07:24] [INFO] - Models scraping completed.
[19:07:24] [INFO] - Starting products scraping...
[19:07:24] [INFO] - Scraping products data...
[19:07:24] [INFO] - Data saved to C:\RemoteIntegrity\Scraping\competitor_scraper\data\raw\2025-04-10\products_data.txt
[19:07:24] [INFO] - Products scraping completed.
[19:07:26] [INFO] - WebDriver closed.
[19:07:28] [INFO] - WebDriver closed.
[19:07:30] [INFO] - WebDriver closed.
[19:07:30] [INFO] - Application finished.
[19:16:35] [INFO] - Application started.
[19:16:40] [INFO] - WebDriver initialized.
[19:16:44] [INFO] - WebDriver initialized.
[19:16:47] [INFO] - WebDriver initialized.
[19:16:47] [INFO] - Starting manufacturer scraping...
[19:16:47] [INFO] - Scraping manufacturer data...
[19:16:47] [INFO] - Data saved to manufacturer_data.json
[19:16:47] [INFO] - Manufacturer scraping completed.
[19:16:47] [INFO] - Starting models scraping...
[19:16:47] [INFO] - Scraping models data...
[19:16:47] [INFO] - Data saved to models_data.json
[19:16:47] [INFO] - Models scraping completed.
[19:16:47] [INFO] - Starting products scraping...
[19:16:47] [INFO] - Scraping products data...
[19:16:47] [INFO] - Data saved to products_data.json
[19:16:47] [INFO] - Products scraping completed.
[19:16:50] [INFO] - WebDriver closed.
[19:16:52] [INFO] - WebDriver closed.
[19:16:55] [INFO] - WebDriver closed.
[19:16:55] [INFO] - Application finished.
